<?xml version="1.0" encoding="UTF-8"?>
<!-- Generated by org.testng.reporters.JUnitReportReporter -->
<testsuite hostname="DESKTOP-FTJ29J2" failures="0" tests="1" name="Login.LoginTests" time="6.489" errors="0" timestamp="2024-07-04T17:39:14 IST" skipped="0">
  <testcase classname="Login.LoginTests" name="testSuccessfulLogin" time="6.489"/>
</testsuite> <!-- Login.LoginTests -->
