<?xml version="1.0" encoding="UTF-8"?>
<!-- Generated by org.testng.reporters.JUnitReportReporter -->
<testsuite hostname="DESKTOP-FTJ29J2" failures="0" tests="1" name="dropdown.DropDownTests" time="1.491" errors="0" timestamp="2024-07-04T17:39:14 IST" skipped="0">
  <testcase classname="dropdown.DropDownTests" name="DropDownTest" time="1.491"/>
</testsuite> <!-- dropdown.DropDownTests -->
